-------------------------------------------------------------------------------
Test set: com.app.notepad.dal.repository.NTKRUsersRepositoryTest
-------------------------------------------------------------------------------
Tests run: 2, Failures: 1, Errors: 0, Skipped: 0, Time elapsed: 0.781 s <<< FAILURE! - in com.app.notepad.dal.repository.NTKRUsersRepositoryTest
getUserByEmailTest  Time elapsed: 0.23 s  <<< FAILURE!
org.opentest4j.AssertionFailedError: expected: <NTKRUsersEntity(userId=1002, emailId=navneetn@buffalo.edu, password=123hahaha, registrationTimeStamp=06-12-2022 13:00)> but was: <null>
	at com.app.notepad.dal.repository.NTKRUsersRepositoryTest.getUserByEmailTest(NTKRUsersRepositoryTest.java:51)

