<?xml version="1.0" encoding="UTF-8"?>
<testsuite xmlns:xsi="http://www.w3.org/2001/XMLSchema-instance" xsi:noNamespaceSchemaLocation="https://maven.apache.org/surefire/maven-surefire-plugin/xsd/surefire-test-report.xsd" name="com.app.notepad.dal.repository.NTKRUsersRepositoryTest" time="0.781" tests="2" errors="0" skipped="0" failures="1">
  <properties>
[...]
</properties>
  <testcase name="getUserByEmailTest" classname="com.app.notepad.dal.repository.NTKRUsersRepositoryTest" time="0.23">
    <failure message="expected: &lt;NTKRUsersEntity(userId=1002, emailId=navneetn@buffalo.edu, password=123hahaha, registrationTimeStamp=06-12-2022 13:00)&gt; but was: &lt;null&gt;" type="org.opentest4j.AssertionFailedError"><![CDATA[org.opentest4j.AssertionFailedError: expected: <NTKRUsersEntity(userId=1002, emailId=navneetn@buffalo.edu, password=123hahaha, registrationTimeStamp=06-12-2022 13:00)> but was: <null>
	at com.app.notepad.dal.repository.NTKRUsersRepositoryTest.getUserByEmailTest(NTKRUsersRepositoryTest.java:51)
]]></failure>
    <system-out><![CDATA[2022-06-17 00:53:14.124  INFO 99771 --- [           main] b.t.a.o.j.DataJpaTestContextBootstrapper : Neither @ContextConfiguration nor @ContextHierarchy found for test class [com.app.notepad.dal.repository.NTKRUsersRepositoryTest], using SpringBootContextLoader
2022-06-17 00:53:14.124  INFO 99771 --- [           main] o.s.t.c.support.AbstractContextLoader    : Could not detect default resource locations for test class [com.app.notepad.dal.repository.NTKRUsersRepositoryTest]: no resource found for suffixes {-context.xml, Context.groovy}.
2022-06-17 00:53:14.125  INFO 99771 --- [           main] t.c.s.AnnotationConfigContextLoaderUtils : Could not detect default configuration classes for test class [com.app.notepad.dal.repository.NTKRUsersRepositoryTest]: NTKRUsersRepositoryTest does not declare any static, non-private, non-final, nested classes annotated with @Configuration.
2022-06-17 00:53:14.150  INFO 99771 --- [           main] .b.t.c.SpringBootTestContextBootstrapper : Found @SpringBootConfiguration com.app.notepad.NotepadApplication for test class com.app.notepad.dal.repository.NTKRUsersRepositoryTest
2022-06-17 00:53:14.151  INFO 99771 --- [           main] b.t.a.o.j.DataJpaTestContextBootstrapper : Loaded default TestExecutionListener class names from location [META-INF/spring.factories]: [org.springframework.boot.test.mock.mockito.MockitoTestExecutionListener, org.springframework.boot.test.mock.mockito.ResetMocksTestExecutionListener, org.springframework.boot.test.autoconfigure.restdocs.RestDocsTestExecutionListener, org.springframework.boot.test.autoconfigure.web.client.MockRestServiceServerResetTestExecutionListener, org.springframework.boot.test.autoconfigure.web.servlet.MockMvcPrintOnlyOnFailureTestExecutionListener, org.springframework.boot.test.autoconfigure.web.servlet.WebDriverTestExecutionListener, org.springframework.boot.test.autoconfigure.webservices.client.MockWebServiceServerTestExecutionListener, org.springframework.test.context.web.ServletTestExecutionListener, org.springframework.test.context.support.DirtiesContextBeforeModesTestExecutionListener, org.springframework.test.context.event.ApplicationEventsTestExecutionListener, org.springframework.test.context.support.DependencyInjectionTestExecutionListener, org.springframework.test.context.support.DirtiesContextTestExecutionListener, org.springframework.test.context.transaction.TransactionalTestExecutionListener, org.springframework.test.context.jdbc.SqlScriptsTestExecutionListener, org.springframework.test.context.event.EventPublishingTestExecutionListener, org.springframework.security.test.context.support.WithSecurityContextTestExecutionListener, org.springframework.security.test.context.support.ReactorContextTestExecutionListener]
2022-06-17 00:53:14.152  INFO 99771 --- [           main] b.t.a.o.j.DataJpaTestContextBootstrapper : Using TestExecutionListeners: [org.springframework.test.context.web.ServletTestExecutionListener@32f308c6, org.springframework.test.context.support.DirtiesContextBeforeModesTestExecutionListener@5f2b9da8, org.springframework.test.context.event.ApplicationEventsTestExecutionListener@698ac187, org.springframework.boot.test.mock.mockito.MockitoTestExecutionListener@4fea5ee0, org.springframework.boot.test.autoconfigure.SpringBootDependencyInjectionTestExecutionListener@65f5cae3, org.springframework.test.context.support.DirtiesContextTestExecutionListener@6630dd28, org.springframework.test.context.transaction.TransactionalTestExecutionListener@5909ae90, org.springframework.test.context.jdbc.SqlScriptsTestExecutionListener@4489f60f, org.springframework.test.context.event.EventPublishingTestExecutionListener@fe08eaf, org.springframework.security.test.context.support.WithSecurityContextTestExecutionListener@6fd9dbe6, org.springframework.security.test.context.support.ReactorContextTestExecutionListener@7b3085a3, org.springframework.boot.test.mock.mockito.ResetMocksTestExecutionListener@70022d44, org.springframework.boot.test.autoconfigure.restdocs.RestDocsTestExecutionListener@7b1c501d, org.springframework.boot.test.autoconfigure.web.client.MockRestServiceServerResetTestExecutionListener@5abbb273, org.springframework.boot.test.autoconfigure.web.servlet.MockMvcPrintOnlyOnFailureTestExecutionListener@25d9291a, org.springframework.boot.test.autoconfigure.web.servlet.WebDriverTestExecutionListener@445058e8, org.springframework.boot.test.autoconfigure.webservices.client.MockWebServiceServerTestExecutionListener@5d5574c7]

  .   ____          _            __ _ _
 /\\ / ___'_ __ _ _(_)_ __  __ _ \ \ \ \
( ( )\___ | '_ | '_| | '_ \/ _` | \ \ \ \
 \\/  ___)| |_)| | | | | || (_| |  ) ) ) )
  '  |____| .__|_| |_|_| |_\__, | / / / /
 =========|_|==============|___/=/_/_/_/
 :: Spring Boot ::                (v2.5.9)

2022-06-17 00:53:14.185  INFO 99771 --- [           main] c.a.n.d.r.NTKRUsersRepositoryTest        : Starting NTKRUsersRepositoryTest using Java 1.8.0_292 on m-c02xd0k8jgh7 with PID 99771 (started by n0n006q in /Users/n0n006q/Downloads/notepad)
2022-06-17 00:53:14.185  INFO 99771 --- [           main] c.a.n.d.r.NTKRUsersRepositoryTest        : No active profile set, falling back to default profiles: default
2022-06-17 00:53:14.292  INFO 99771 --- [           main] .s.d.r.c.RepositoryConfigurationDelegate : Bootstrapping Spring Data JPA repositories in DEFAULT mode.
2022-06-17 00:53:14.320  INFO 99771 --- [           main] .s.d.r.c.RepositoryConfigurationDelegate : Finished Spring Data repository scanning in 27 ms. Found 1 JPA repository interfaces.
2022-06-17 00:53:14.430  INFO 99771 --- [           main] o.hibernate.jpa.internal.util.LogHelper  : HHH000204: Processing PersistenceUnitInfo [name: default]
2022-06-17 00:53:14.433  INFO 99771 --- [           main] com.zaxxer.hikari.HikariDataSource       : HikariPool-2 - Starting...
2022-06-17 00:53:14.434  WARN 99771 --- [           main] com.zaxxer.hikari.util.DriverDataSource  : Registered driver with driverClassName=com.mysql.jdbc.Driver was not found, trying direct instantiation.
2022-06-17 00:53:14.445  INFO 99771 --- [           main] com.zaxxer.hikari.HikariDataSource       : HikariPool-2 - Start completed.
2022-06-17 00:53:14.445  INFO 99771 --- [           main] org.hibernate.dialect.Dialect            : HHH000400: Using dialect: org.hibernate.dialect.MySQL57Dialect
2022-06-17 00:53:14.519  INFO 99771 --- [           main] o.h.e.t.j.p.i.JtaPlatformInitiator       : HHH000490: Using JtaPlatform implementation: [org.hibernate.engine.transaction.jta.platform.internal.NoJtaPlatform]
2022-06-17 00:53:14.519  INFO 99771 --- [           main] j.LocalContainerEntityManagerFactoryBean : Initialized JPA EntityManagerFactory for persistence unit 'default'
2022-06-17 00:53:14.668  INFO 99771 --- [           main] c.a.n.d.r.NTKRUsersRepositoryTest        : Started NTKRUsersRepositoryTest in 0.514 seconds (JVM running for 6.038)
2022-06-17 00:53:14.680  INFO 99771 --- [           main] o.s.t.c.transaction.TransactionContext   : Began transaction (1) for test context [DefaultTestContext@50fd739d testClass = NTKRUsersRepositoryTest, testInstance = com.app.notepad.dal.repository.NTKRUsersRepositoryTest@5e1d1524, testMethod = getUserByEmailTest@NTKRUsersRepositoryTest, testException = [null], mergedContextConfiguration = [MergedContextConfiguration@d0a2c82 testClass = NTKRUsersRepositoryTest, locations = '{}', classes = '{class com.app.notepad.NotepadApplication}', contextInitializerClasses = '[]', activeProfiles = '{}', propertySourceLocations = '{}', propertySourceProperties = '{org.springframework.boot.test.autoconfigure.orm.jpa.DataJpaTestContextBootstrapper=true}', contextCustomizers = set[[ImportsContextCustomizer@430aae8e key = [org.springframework.boot.autoconfigure.cache.CacheAutoConfiguration, org.springframework.boot.autoconfigure.data.jpa.JpaRepositoriesAutoConfiguration, org.springframework.boot.autoconfigure.flyway.FlywayAutoConfiguration, org.springframework.boot.autoconfigure.jdbc.DataSourceAutoConfiguration, org.springframework.boot.autoconfigure.jdbc.DataSourceTransactionManagerAutoConfiguration, org.springframework.boot.autoconfigure.jdbc.JdbcTemplateAutoConfiguration, org.springframework.boot.autoconfigure.liquibase.LiquibaseAutoConfiguration, org.springframework.boot.autoconfigure.orm.jpa.HibernateJpaAutoConfiguration, org.springframework.boot.autoconfigure.sql.init.SqlInitializationAutoConfiguration, org.springframework.boot.autoconfigure.transaction.TransactionAutoConfiguration, org.springframework.boot.test.autoconfigure.jdbc.TestDatabaseAutoConfiguration, org.springframework.boot.test.autoconfigure.orm.jpa.TestEntityManagerAutoConfiguration]], org.springframework.boot.test.context.filter.ExcludeFilterContextCustomizer@15ff3e9e, org.springframework.boot.test.json.DuplicateJsonObjectContextCustomizerFactory$DuplicateJsonObjectContextCustomizer@5e0826e7, org.springframework.boot.test.mock.mockito.MockitoContextCustomizer@0, org.springframework.boot.test.autoconfigure.OverrideAutoConfigurationContextCustomizerFactory$DisableAutoConfigurationContextCustomizer@4aeaff64, org.springframework.boot.test.autoconfigure.actuate.metrics.MetricsExportContextCustomizerFactory$DisableMetricExportContextCustomizer@67d48005, org.springframework.boot.test.autoconfigure.filter.TypeExcludeFiltersContextCustomizer@351584c0, org.springframework.boot.test.autoconfigure.properties.PropertyMappingContextCustomizer@290ea177, org.springframework.boot.test.autoconfigure.web.servlet.WebDriverContextCustomizerFactory$Customizer@2d7275fc, org.springframework.boot.test.context.SpringBootTestArgs@1, org.springframework.boot.test.context.SpringBootTestWebEnvironment@0], contextLoader = 'org.springframework.boot.test.context.SpringBootContextLoader', parent = [null]], attributes = map['org.springframework.test.context.event.ApplicationEventsTestExecutionListener.recordApplicationEvents' -> false]]; transaction manager [org.springframework.orm.jpa.JpaTransactionManager@47c81e89]; rollback [true]
Hibernate: select ntkruserse0_.USER_ID as user_id1_2_0_, ntkruserse0_.EMAIL_ID as email_id2_2_0_, ntkruserse0_.PASSWORD as password3_2_0_, ntkruserse0_.REGISTRATION_TIMESTAMP as registra4_2_0_ from NTKR_USERS ntkruserse0_ where ntkruserse0_.USER_ID=?
Hibernate: select next_val as id_val from CUST_SEQ for update
Hibernate: update CUST_SEQ set next_val= ? where next_val=?
Hibernate: insert into NTKR_USERS (EMAIL_ID, PASSWORD, REGISTRATION_TIMESTAMP, USER_ID) values (?, ?, ?, ?)
Hibernate: select ntkruserse0_.USER_ID as user_id1_2_, ntkruserse0_.EMAIL_ID as email_id2_2_, ntkruserse0_.PASSWORD as password3_2_, ntkruserse0_.REGISTRATION_TIMESTAMP as registra4_2_ from NTKR_USERS ntkruserse0_ where ntkruserse0_.USER_ID=?
2022-06-17 00:53:14.887  INFO 99771 --- [           main] o.s.t.c.transaction.TransactionContext   : Rolled back transaction for test: [DefaultTestContext@50fd739d testClass = NTKRUsersRepositoryTest, testInstance = com.app.notepad.dal.repository.NTKRUsersRepositoryTest@5e1d1524, testMethod = getUserByEmailTest@NTKRUsersRepositoryTest, testException = org.opentest4j.AssertionFailedError: expected: <NTKRUsersEntity(userId=1002, emailId=navneetn@buffalo.edu, password=123hahaha, registrationTimeStamp=06-12-2022 13:00)> but was: <null>, mergedContextConfiguration = [MergedContextConfiguration@d0a2c82 testClass = NTKRUsersRepositoryTest, locations = '{}', classes = '{class com.app.notepad.NotepadApplication}', contextInitializerClasses = '[]', activeProfiles = '{}', propertySourceLocations = '{}', propertySourceProperties = '{org.springframework.boot.test.autoconfigure.orm.jpa.DataJpaTestContextBootstrapper=true}', contextCustomizers = set[[ImportsContextCustomizer@430aae8e key = [org.springframework.boot.autoconfigure.cache.CacheAutoConfiguration, org.springframework.boot.autoconfigure.data.jpa.JpaRepositoriesAutoConfiguration, org.springframework.boot.autoconfigure.flyway.FlywayAutoConfiguration, org.springframework.boot.autoconfigure.jdbc.DataSourceAutoConfiguration, org.springframework.boot.autoconfigure.jdbc.DataSourceTransactionManagerAutoConfiguration, org.springframework.boot.autoconfigure.jdbc.JdbcTemplateAutoConfiguration, org.springframework.boot.autoconfigure.liquibase.LiquibaseAutoConfiguration, org.springframework.boot.autoconfigure.orm.jpa.HibernateJpaAutoConfiguration, org.springframework.boot.autoconfigure.sql.init.SqlInitializationAutoConfiguration, org.springframework.boot.autoconfigure.transaction.TransactionAutoConfiguration, org.springframework.boot.test.autoconfigure.jdbc.TestDatabaseAutoConfiguration, org.springframework.boot.test.autoconfigure.orm.jpa.TestEntityManagerAutoConfiguration]], org.springframework.boot.test.context.filter.ExcludeFilterContextCustomizer@15ff3e9e, org.springframework.boot.test.json.DuplicateJsonObjectContextCustomizerFactory$DuplicateJsonObjectContextCustomizer@5e0826e7, org.springframework.boot.test.mock.mockito.MockitoContextCustomizer@0, org.springframework.boot.test.autoconfigure.OverrideAutoConfigurationContextCustomizerFactory$DisableAutoConfigurationContextCustomizer@4aeaff64, org.springframework.boot.test.autoconfigure.actuate.metrics.MetricsExportContextCustomizerFactory$DisableMetricExportContextCustomizer@67d48005, org.springframework.boot.test.autoconfigure.filter.TypeExcludeFiltersContextCustomizer@351584c0, org.springframework.boot.test.autoconfigure.properties.PropertyMappingContextCustomizer@290ea177, org.springframework.boot.test.autoconfigure.web.servlet.WebDriverContextCustomizerFactory$Customizer@2d7275fc, org.springframework.boot.test.context.SpringBootTestArgs@1, org.springframework.boot.test.context.SpringBootTestWebEnvironment@0], contextLoader = 'org.springframework.boot.test.context.SpringBootContextLoader', parent = [null]], attributes = map['org.springframework.test.context.event.ApplicationEventsTestExecutionListener.recordApplicationEvents' -> false]]
]]></system-out>
  </testcase>
  <testcase name="saveUserTest" classname="com.app.notepad.dal.repository.NTKRUsersRepositoryTest" time="0.022"/>
</testsuite>